  main.cpp
D:\CG_Project\Project3\Project3\main.cpp(116,23): warning C4305: '초기화 중': 'double'에서 'float'(으)로 잘립니다.
D:\CG_Project\Project3\Project3\main.cpp(220,34): warning C4326: 'main'의 반환 형식이 'int'이어야 하는데 'void'입니다.
D:\CG_Project\Project3\Project3\main.cpp(346,25): warning C4305: '인수': 'double'에서 'float'(으)로 잘립니다.
  pch.cpp
D:\CG_Project\Project3\Project3\pch.cpp(10,27): warning C4244: 'return': 'double'에서 'float'(으)로 변환하면서 데이터가 손실될 수 있습니다.
  robot.cpp
D:\CG_Project\Project3\Project3\robot.cpp(210,24): warning C4305: '-=': 'double'에서 'T'(으)로 잘립니다.
          with
          [
              T=float
          ]
D:\CG_Project\Project3\Project3\robot.cpp(223,36): warning C4244: '인수': 'int'에서 'float'(으)로 변환하면서 데이터가 손실될 수 있습니다.
D:\CG_Project\Project3\Project3\robot.cpp(233,21): warning C4305: '인수': 'double'에서 'float'(으)로 잘립니다.
D:\CG_Project\Project3\Project3\robot.cpp(311,20): warning C4305: '+=': 'double'에서 'float'(으)로 잘립니다.
D:\CG_Project\Project3\Project3\robot.cpp(316,20): warning C4305: '-=': 'double'에서 'float'(으)로 잘립니다.
D:\CG_Project\Project3\Project3\robot.cpp(531,24): warning C4305: '-=': 'double'에서 'T'(으)로 잘립니다.
          with
          [
              T=float
          ]
D:\CG_Project\Project3\Project3\robot.cpp(544,36): warning C4244: '인수': 'int'에서 'float'(으)로 변환하면서 데이터가 손실될 수 있습니다.
D:\CG_Project\Project3\Project3\robot.cpp(554,21): warning C4305: '인수': 'double'에서 'float'(으)로 잘립니다.
  코드를 생성하고 있습니다...
  LINK : D:\CG_Project\Project3\Debug\Project3.exe을(를) 찾을 수 없거나 마지막 증분 링크에 의해 빌드되지 않았습니다. 전체 링크를 수행하고 있습니다.
  Project3.vcxproj -> D:\CG_Project\Project3\Debug\Project3.exe
